{"failedCount":1,"prefixedPath":"src\/test\/java\/KarateFeature\/testCompareImages.feature","packageQualifiedName":"src.test.java.KarateFeature.testCompareImages","loopIndex":-1,"relativePath":"src\/test\/java\/KarateFeature\/testCompareImages.feature","scenarioResults":[{"sectionIndex":0,"stepResults":[{"result":{"nanos":48961800,"millis":48.9618,"status":"passed"},"step":{"line":5,"prefix":"*","index":0,"text":"configure driver = { type: 'chrome', executable: 'C:\\\\SS\\\\Selenium\\\\BrowserDrivers\\\\chromedriver_win32\\\\chromedriver.exe' }"}},{"result":{"nanos":68995196800,"errorMessage":"driver config \/ start failed: http call failed after 9 milliseconds for url: http:\/\/localhost:9222\/json\norg.apache.http.conn.HttpHostConnectException: Connect to localhost:9222 [localhost\/127.0.0.1, localhost\/0:0:0:0:0:0:0:1] failed: Connection refused: no further information, options: {type=chrome, executable=C:\\SS\\Selenium\\BrowserDrivers\\chromedriver_win32\\chromedriver.exe, target=null}\nsrc\/test\/java\/KarateFeature\/testCompareImages.feature:6","millis":68995.1968,"status":"failed"},"step":{"line":6,"prefix":"Given","index":1,"text":"driver 'https:\/\/www.saucedemo.com\/'"},"stepLog":"10:56:01.369 driver config \/ start failed: http call failed after 9 milliseconds for url: http:\/\/localhost:9222\/json\norg.apache.http.conn.HttpHostConnectException: Connect to localhost:9222 [localhost\/127.0.0.1, localhost\/0:0:0:0:0:0:0:1] failed: Connection refused: no further information, options: {type=chrome, executable=C:\\SS\\Selenium\\BrowserDrivers\\chromedriver_win32\\chromedriver.exe, target=null}\n10:56:01.373 src\/test\/java\/KarateFeature\/testCompareImages.feature:6\nGiven driver 'https:\/\/www.saucedemo.com\/'\ndriver config \/ start failed: http call failed after 9 milliseconds for url: http:\/\/localhost:9222\/json\norg.apache.http.conn.HttpHostConnectException: Connect to localhost:9222 [localhost\/127.0.0.1, localhost\/0:0:0:0:0:0:0:1] failed: Connection refused: no further information, options: {type=chrome, executable=C:\\SS\\Selenium\\BrowserDrivers\\chromedriver_win32\\chromedriver.exe, target=null}\nsrc\/test\/java\/KarateFeature\/testCompareImages.feature:6\n"},{"result":{"nanos":0,"millis":0.0,"status":"skipped"},"step":{"line":7,"prefix":"*","index":2,"text":"driver.maximize()"}},{"result":{"nanos":0,"millis":0.0,"status":"skipped"},"step":{"line":8,"prefix":"And","index":3,"text":"input(\"\/\/*[@id='user-name']\", \"standard_user\")"}},{"result":{"nanos":0,"millis":0.0,"status":"skipped"},"step":{"line":9,"prefix":"And","index":4,"text":"input(\"\/\/*[@id='password']\", \"secret_sauce\")"}},{"result":{"nanos":0,"millis":0.0,"status":"skipped"},"step":{"line":10,"prefix":"When","index":5,"text":"click(\"\/\/*[@id='login-button']\")"}},{"result":{"nanos":0,"millis":0.0,"status":"skipped"},"step":{"line":11,"prefix":"Then","index":6,"text":"match driver.title == 'Swag Labs'"}}],"line":4,"description":"","durationMillis":69044.1586,"failed":true,"error":"driver config \/ start failed: http call failed after 9 milliseconds for url: http:\/\/localhost:9222\/json\norg.apache.http.conn.HttpHostConnectException: Connect to localhost:9222 [localhost\/127.0.0.1, localhost\/0:0:0:0:0:0:0:1] failed: Connection refused: no further information, options: {type=chrome, executable=C:\\SS\\Selenium\\BrowserDrivers\\chromedriver_win32\\chromedriver.exe, target=null}\nsrc\/test\/java\/KarateFeature\/testCompareImages.feature:6","executorName":"main","name":"Login with valid credentials chrome","startTime":1680672292296,"refId":"[1:4]","endTime":1680672361373,"exampleIndex":-1}],"callDepth":0,"name":"Login test","description":"This is login test","resultDate":"2023-04-05 10:56:01 am","durationMillis":69044.1586,"passedCount":0}